──‣ 00:58:55 GET[38;5;59m┈[0m ┬ /
200 [38;5;59m┈[0m[38;5;59m┈[0m[38;5;59m┈[0m[38;5;59m┈[0m[38;5;59m┈[0m4ms GET[38;5;59m┈[0m ┴ /
──‣ 00:58:56 GET[38;5;59m┈[0m ┬ /favicon.ico
200 [38;5;59m┈[0m[38;5;59m┈[0m[38;5;59m┈[0m[38;5;59m┈[0m[38;5;59m┈[0m0ms GET[38;5;59m┈[0m ┴ /favicon.ico
──‣ [38;5;59m┈[0m[38;5;59m┈[0m[38;5;59m┈[0m[38;5;59m┈[0m[38;5;59m┈[0m GET[38;5;59m┈[0m ┬ /
200 [38;5;59m┈[0m[38;5;59m┈[0m3ms GET[38;5;59m┈[0m ┴ /
──‣ [38;5;59m┈[0m[38;5;59m┈[0m[38;5;59m┈[0m[38;5;59m┈[0m[38;5;59m┈[0m GET[38;5;59m┈[0m ┬ /favicon.ico
200 [38;5;59m┈[0m[38;5;59m┈[0m2ms GET[38;5;59m┈[0m ┴ /favicon.ico
──‣ 01:05:58 GET[38;5;59m┈[0m ┬ /
200 [38;5;59m┈[0m[38;5;59m┈[0m[38;5;59m┈[0m[38;5;59m┈[0m[38;5;59m┈[0m5ms GET[38;5;59m┈[0m ┴ /
──‣ 01:05:59 GET[38;5;59m┈[0m ┬ /favicon.ico
200 [38;5;59m┈[0m[38;5;59m┈[0m[38;5;59m┈[0m[38;5;59m┈[0m[38;5;59m┈[0m0ms GET[38;5;59m┈[0m ┴ /favicon.ico
──‣ 23:57:51 GET[38;5;59m┈[0m ┬ /
                  [38;5;196m╎[0m [38;5;196m{ Error: ENOENT: no such file or directory, stat 'F:\my_project\node-koa-react\build\views\index.html'[0m
                  [38;5;196m╎[0m [38;5;196m  errno: -4058,[0m
                  [38;5;196m╎[0m [38;5;196m  code: 'ENOENT',[0m
                  [38;5;196m╎[0m [38;5;196m  syscall: 'stat',[0m
                  [38;5;196m╎[0m [38;5;196m  path: 'F:\\my_project\\node-koa-react\\build\\views\\index.html' }[0m
[38;5;196mERR[0m [38;5;59m┈[0m[38;5;59m┈[0m[38;5;59m┈[0m[38;5;59m┈[0m[38;5;59m┈[0m7ms GET[38;5;59m┈[0m ┴ /
──‣ 23:57:51 GET[38;5;59m┈[0m ┬ /favicon.ico
[38;5;208m404[0m [38;5;59m┈[0m[38;5;59m┈[0m[38;5;59m┈[0m[38;5;59m┈[0m[38;5;59m┈[0m0ms GET[38;5;59m┈[0m ┴ /favicon.ico
──‣ 23:58:11 GET[38;5;59m┈[0m ┬ /
                  [38;5;196m╎[0m [38;5;196m{ Error: ENOENT: no such file or directory, stat 'F:\my_project\node-koa-react\build\views\index.html'[0m
                  [38;5;196m╎[0m [38;5;196m  errno: -4058,[0m
                  [38;5;196m╎[0m [38;5;196m  code: 'ENOENT',[0m
                  [38;5;196m╎[0m [38;5;196m  syscall: 'stat',[0m
                  [38;5;196m╎[0m [38;5;196m  path: 'F:\\my_project\\node-koa-react\\build\\views\\index.html' }[0m
[38;5;196mERR[0m [38;5;59m┈[0m[38;5;59m┈[0m[38;5;59m┈[0m[38;5;59m┈[0m[38;5;59m┈[0m7ms GET[38;5;59m┈[0m ┴ /
──‣ 23:58:13 GET[38;5;59m┈[0m ┬ /
                  [38;5;196m╎[0m [38;5;196m{ Error: ENOENT: no such file or directory, stat 'F:\my_project\node-koa-react\build\views\index.html'[0m
                  [38;5;196m╎[0m [38;5;196m  errno: -4058,[0m
                  [38;5;196m╎[0m [38;5;196m  code: 'ENOENT',[0m
                  [38;5;196m╎[0m [38;5;196m  syscall: 'stat',[0m
                  [38;5;196m╎[0m [38;5;196m  path: 'F:\\my_project\\node-koa-react\\build\\views\\index.html' }[0m
[38;5;196mERR[0m [38;5;59m┈[0m[38;5;59m┈[0m[38;5;59m┈[0m[38;5;59m┈[0m[38;5;59m┈[0m1ms GET[38;5;59m┈[0m ┴ /
──‣ 23:58:13 GET[38;5;59m┈[0m ┬ /
                  [38;5;196m╎[0m [38;5;196m{ Error: ENOENT: no such file or directory, stat 'F:\my_project\node-koa-react\build\views\index.html'[0m
                  [38;5;196m╎[0m [38;5;196m  errno: -4058,[0m
                  [38;5;196m╎[0m [38;5;196m  code: 'ENOENT',[0m
                  [38;5;196m╎[0m [38;5;196m  syscall: 'stat',[0m
                  [38;5;196m╎[0m [38;5;196m  path: 'F:\\my_project\\node-koa-react\\build\\views\\index.html' }[0m
[38;5;196mERR[0m [38;5;59m┈[0m[38;5;59m┈[0m[38;5;59m┈[0m[38;5;59m┈[0m[38;5;59m┈[0m0ms GET[38;5;59m┈[0m ┴ /
──‣ 23:58:13 GET[38;5;59m┈[0m ┬ /
                  [38;5;196m╎[0m [38;5;196m{ Error: ENOENT: no such file or directory, stat 'F:\my_project\node-koa-react\build\views\index.html'[0m
                  [38;5;196m╎[0m [38;5;196m  errno: -4058,[0m
                  [38;5;196m╎[0m [38;5;196m  code: 'ENOENT',[0m
                  [38;5;196m╎[0m [38;5;196m  syscall: 'stat',[0m
                  [38;5;196m╎[0m [38;5;196m  path: 'F:\\my_project\\node-koa-react\\build\\views\\index.html' }[0m
[38;5;196mERR[0m [38;5;59m┈[0m[38;5;59m┈[0m[38;5;59m┈[0m[38;5;59m┈[0m[38;5;59m┈[0m1ms GET[38;5;59m┈[0m ┴ /
──‣ 23:58:14 GET[38;5;59m┈[0m ┬ /
                  [38;5;196m╎[0m [38;5;196m{ Error: ENOENT: no such file or directory, stat 'F:\my_project\node-koa-react\build\views\index.html'[0m
                  [38;5;196m╎[0m [38;5;196m  errno: -4058,[0m
                  [38;5;196m╎[0m [38;5;196m  code: 'ENOENT',[0m
                  [38;5;196m╎[0m [38;5;196m  syscall: 'stat',[0m
                  [38;5;196m╎[0m [38;5;196m  path: 'F:\\my_project\\node-koa-react\\build\\views\\index.html' }[0m
[38;5;196mERR[0m [38;5;59m┈[0m[38;5;59m┈[0m[38;5;59m┈[0m[38;5;59m┈[0m[38;5;59m┈[0m1ms GET[38;5;59m┈[0m ┴ /
──‣ 23:58:14 GET[38;5;59m┈[0m ┬ /
                  [38;5;196m╎[0m [38;5;196m{ Error: ENOENT: no such file or directory, stat 'F:\my_project\node-koa-react\build\views\index.html'[0m
                  [38;5;196m╎[0m [38;5;196m  errno: -4058,[0m
                  [38;5;196m╎[0m [38;5;196m  code: 'ENOENT',[0m
                  [38;5;196m╎[0m [38;5;196m  syscall: 'stat',[0m
                  [38;5;196m╎[0m [38;5;196m  path: 'F:\\my_project\\node-koa-react\\build\\views\\index.html' }[0m
[38;5;196mERR[0m [38;5;59m┈[0m[38;5;59m┈[0m[38;5;59m┈[0m[38;5;59m┈[0m[38;5;59m┈[0m1ms GET[38;5;59m┈[0m ┴ /
──‣ 23:58:14 GET[38;5;59m┈[0m ┬ /
                  [38;5;196m╎[0m [38;5;196m{ Error: ENOENT: no such file or directory, stat 'F:\my_project\node-koa-react\build\views\index.html'[0m
                  [38;5;196m╎[0m [38;5;196m  errno: -4058,[0m
                  [38;5;196m╎[0m [38;5;196m  code: 'ENOENT',[0m
                  [38;5;196m╎[0m [38;5;196m  syscall: 'stat',[0m
                  [38;5;196m╎[0m [38;5;196m  path: 'F:\\my_project\\node-koa-react\\build\\views\\index.html' }[0m
[38;5;196mERR[0m [38;5;59m┈[0m[38;5;59m┈[0m[38;5;59m┈[0m[38;5;59m┈[0m[38;5;59m┈[0m1ms GET[38;5;59m┈[0m ┴ /
──‣ 23:58:14 GET[38;5;59m┈[0m ┬ /
                  [38;5;196m╎[0m [38;5;196m{ Error: ENOENT: no such file or directory, stat 'F:\my_project\node-koa-react\build\views\index.html'[0m
                  [38;5;196m╎[0m [38;5;196m  errno: -4058,[0m
                  [38;5;196m╎[0m [38;5;196m  code: 'ENOENT',[0m
                  [38;5;196m╎[0m [38;5;196m  syscall: 'stat',[0m
                  [38;5;196m╎[0m [38;5;196m  path: 'F:\\my_project\\node-koa-react\\build\\views\\index.html' }[0m
[38;5;196mERR[0m [38;5;59m┈[0m[38;5;59m┈[0m[38;5;59m┈[0m[38;5;59m┈[0m[38;5;59m┈[0m1ms GET[38;5;59m┈[0m ┴ /
──‣ 23:58:15 GET[38;5;59m┈[0m ┬ /
                  [38;5;196m╎[0m [38;5;196m{ Error: ENOENT: no such file or directory, stat 'F:\my_project\node-koa-react\build\views\index.html'[0m
                  [38;5;196m╎[0m [38;5;196m  errno: -4058,[0m
                  [38;5;196m╎[0m [38;5;196m  code: 'ENOENT',[0m
                  [38;5;196m╎[0m [38;5;196m  syscall: 'stat',[0m
                  [38;5;196m╎[0m [38;5;196m  path: 'F:\\my_project\\node-koa-react\\build\\views\\index.html' }[0m
[38;5;196mERR[0m [38;5;59m┈[0m[38;5;59m┈[0m[38;5;59m┈[0m[38;5;59m┈[0m[38;5;59m┈[0m1ms GET[38;5;59m┈[0m ┴ /
──‣ 23:58:15 GET[38;5;59m┈[0m ┬ /
                  [38;5;196m╎[0m [38;5;196m{ Error: ENOENT: no such file or directory, stat 'F:\my_project\node-koa-react\build\views\index.html'[0m
                  [38;5;196m╎[0m [38;5;196m  errno: -4058,[0m
                  [38;5;196m╎[0m [38;5;196m  code: 'ENOENT',[0m
                  [38;5;196m╎[0m [38;5;196m  syscall: 'stat',[0m
                  [38;5;196m╎[0m [38;5;196m  path: 'F:\\my_project\\node-koa-react\\build\\views\\index.html' }[0m
[38;5;196mERR[0m [38;5;59m┈[0m[38;5;59m┈[0m[38;5;59m┈[0m[38;5;59m┈[0m[38;5;59m┈[0m1ms GET[38;5;59m┈[0m ┴ /
──‣ 23:58:15 GET[38;5;59m┈[0m ┬ /
                  [38;5;196m╎[0m [38;5;196m{ Error: ENOENT: no such file or directory, stat 'F:\my_project\node-koa-react\build\views\index.html'[0m
                  [38;5;196m╎[0m [38;5;196m  errno: -4058,[0m
                  [38;5;196m╎[0m [38;5;196m  code: 'ENOENT',[0m
                  [38;5;196m╎[0m [38;5;196m  syscall: 'stat',[0m
                  [38;5;196m╎[0m [38;5;196m  path: 'F:\\my_project\\node-koa-react\\build\\views\\index.html' }[0m
[38;5;196mERR[0m [38;5;59m┈[0m[38;5;59m┈[0m[38;5;59m┈[0m[38;5;59m┈[0m[38;5;59m┈[0m0ms GET[38;5;59m┈[0m ┴ /
──‣ 23:58:16 GET[38;5;59m┈[0m ┬ /
                  [38;5;196m╎[0m [38;5;196m{ Error: ENOENT: no such file or directory, stat 'F:\my_project\node-koa-react\build\views\index.html'[0m
                  [38;5;196m╎[0m [38;5;196m  errno: -4058,[0m
                  [38;5;196m╎[0m [38;5;196m  code: 'ENOENT',[0m
                  [38;5;196m╎[0m [38;5;196m  syscall: 'stat',[0m
                  [38;5;196m╎[0m [38;5;196m  path: 'F:\\my_project\\node-koa-react\\build\\views\\index.html' }[0m
[38;5;196mERR[0m [38;5;59m┈[0m[38;5;59m┈[0m[38;5;59m┈[0m[38;5;59m┈[0m[38;5;59m┈[0m1ms GET[38;5;59m┈[0m ┴ /
──‣ 23:58:16 GET[38;5;59m┈[0m ┬ /
                  [38;5;196m╎[0m [38;5;196m{ Error: ENOENT: no such file or directory, stat 'F:\my_project\node-koa-react\build\views\index.html'[0m
                  [38;5;196m╎[0m [38;5;196m  errno: -4058,[0m
                  [38;5;196m╎[0m [38;5;196m  code: 'ENOENT',[0m
                  [38;5;196m╎[0m [38;5;196m  syscall: 'stat',[0m
                  [38;5;196m╎[0m [38;5;196m  path: 'F:\\my_project\\node-koa-react\\build\\views\\index.html' }[0m
[38;5;196mERR[0m [38;5;59m┈[0m[38;5;59m┈[0m[38;5;59m┈[0m[38;5;59m┈[0m[38;5;59m┈[0m0ms GET[38;5;59m┈[0m ┴ /
──‣ 23:58:16 GET[38;5;59m┈[0m ┬ /
                  [38;5;196m╎[0m [38;5;196m{ Error: ENOENT: no such file or directory, stat 'F:\my_project\node-koa-react\build\views\index.html'[0m
                  [38;5;196m╎[0m [38;5;196m  errno: -4058,[0m
                  [38;5;196m╎[0m [38;5;196m  code: 'ENOENT',[0m
                  [38;5;196m╎[0m [38;5;196m  syscall: 'stat',[0m
                  [38;5;196m╎[0m [38;5;196m  path: 'F:\\my_project\\node-koa-react\\build\\views\\index.html' }[0m
[38;5;196mERR[0m [38;5;59m┈[0m[38;5;59m┈[0m[38;5;59m┈[0m[38;5;59m┈[0m[38;5;59m┈[0m1ms GET[38;5;59m┈[0m ┴ /
──‣ 23:58:35 GET[38;5;59m┈[0m ┬ /
                  [38;5;196m╎[0m [38;5;196m{ Error: ENOENT: no such file or directory, stat 'F:\my_project\node-koa-react\build..\views\index.html'[0m
                  [38;5;196m╎[0m [38;5;196m  errno: -4058,[0m
                  [38;5;196m╎[0m [38;5;196m  code: 'ENOENT',[0m
                  [38;5;196m╎[0m [38;5;196m  syscall: 'stat',[0m
                  [38;5;196m╎[0m [38;5;196m  path: 'F:\\my_project\\node-koa-react\\build..\\views\\index.html' }[0m
[38;5;196mERR[0m [38;5;59m┈[0m[38;5;59m┈[0m[38;5;59m┈[0m[38;5;59m┈[0m[38;5;59m┈[0m6ms GET[38;5;59m┈[0m ┴ /
──‣ 23:58:36 GET[38;5;59m┈[0m ┬ /
                  [38;5;196m╎[0m [38;5;196m{ Error: ENOENT: no such file or directory, stat 'F:\my_project\node-koa-react\build..\views\index.html'[0m
                  [38;5;196m╎[0m [38;5;196m  errno: -4058,[0m
                  [38;5;196m╎[0m [38;5;196m  code: 'ENOENT',[0m
                  [38;5;196m╎[0m [38;5;196m  syscall: 'stat',[0m
                  [38;5;196m╎[0m [38;5;196m  path: 'F:\\my_project\\node-koa-react\\build..\\views\\index.html' }[0m
[38;5;196mERR[0m [38;5;59m┈[0m[38;5;59m┈[0m[38;5;59m┈[0m[38;5;59m┈[0m[38;5;59m┈[0m1ms GET[38;5;59m┈[0m ┴ /
──‣ 23:58:37 GET[38;5;59m┈[0m ┬ /
                  [38;5;196m╎[0m [38;5;196m{ Error: ENOENT: no such file or directory, stat 'F:\my_project\node-koa-react\build..\views\index.html'[0m
                  [38;5;196m╎[0m [38;5;196m  errno: -4058,[0m
                  [38;5;196m╎[0m [38;5;196m  code: 'ENOENT',[0m
                  [38;5;196m╎[0m [38;5;196m  syscall: 'stat',[0m
                  [38;5;196m╎[0m [38;5;196m  path: 'F:\\my_project\\node-koa-react\\build..\\views\\index.html' }[0m
[38;5;196mERR[0m [38;5;59m┈[0m[38;5;59m┈[0m[38;5;59m┈[0m[38;5;59m┈[0m[38;5;59m┈[0m0ms GET[38;5;59m┈[0m ┴ /
──‣ 23:59:32 GET[38;5;59m┈[0m ┬ /
                  [38;5;196m╎[0m [38;5;196m{ Error: ENOENT: no such file or directory, stat 'F:\views\index.html'[0m
                  [38;5;196m╎[0m [38;5;196m  errno: -4058,[0m
                  [38;5;196m╎[0m [38;5;196m  code: 'ENOENT',[0m
                  [38;5;196m╎[0m [38;5;196m  syscall: 'stat',[0m
                  [38;5;196m╎[0m [38;5;196m  path: 'F:\\views\\index.html' }[0m
[38;5;196mERR[0m [38;5;59m┈[0m[38;5;59m┈[0m[38;5;59m┈[0m[38;5;59m┈[0m[38;5;59m┈[0m7ms GET[38;5;59m┈[0m ┴ /
──‣ 00:00:23 GET[38;5;59m┈[0m ┬ /
                  [38;5;196m╎[0m [38;5;196m{ Error: ENOENT: no such file or directory, stat 'F:\my_project\node-koa-react\build..\views\index.html'[0m
                  [38;5;196m╎[0m [38;5;196m  errno: -4058,[0m
                  [38;5;196m╎[0m [38;5;196m  code: 'ENOENT',[0m
                  [38;5;196m╎[0m [38;5;196m  syscall: 'stat',[0m
                  [38;5;196m╎[0m [38;5;196m  path: 'F:\\my_project\\node-koa-react\\build..\\views\\index.html' }[0m
[38;5;196mERR[0m [38;5;59m┈[0m[38;5;59m┈[0m[38;5;59m┈[0m[38;5;59m┈[0m[38;5;59m┈[0m6ms GET[38;5;59m┈[0m ┴ /
──‣ 00:02:00 GET[38;5;59m┈[0m ┬ /
                  [38;5;196m╎[0m [38;5;196m{ Error: ENOENT: no such file or directory, stat 'F:\my_project\node-koa-react\build..\views\index.html'[0m
                  [38;5;196m╎[0m [38;5;196m  errno: -4058,[0m
                  [38;5;196m╎[0m [38;5;196m  code: 'ENOENT',[0m
                  [38;5;196m╎[0m [38;5;196m  syscall: 'stat',[0m
                  [38;5;196m╎[0m [38;5;196m  path: 'F:\\my_project\\node-koa-react\\build..\\views\\index.html' }[0m
[38;5;196mERR[0m [38;5;59m┈[0m[38;5;59m┈[0m[38;5;59m┈[0m[38;5;59m┈[0m[38;5;59m┈[0m8ms GET[38;5;59m┈[0m ┴ /
──‣ 00:02:46 GET[38;5;59m┈[0m ┬ /
200 [38;5;59m┈[0m[38;5;59m┈[0m[38;5;59m┈[0m[38;5;220m164ms[0m GET[38;5;59m┈[0m [38;5;220m┴[0m /
──‣ 00:03:18 GET[38;5;59m┈[0m ┬ /
──‣ 00:08:17 GET[38;5;59m┈[0m ┬ /
200 [38;5;59m┈[0m[38;5;59m┈[0m[38;5;59m┈[0m[38;5;59m┈[0m16ms GET[38;5;59m┈[0m ┴ /
──‣ 00:08:19 GET[38;5;59m┈[0m ┬ /
200 [38;5;59m┈[0m[38;5;59m┈[0m[38;5;59m┈[0m[38;5;59m┈[0m[38;5;59m┈[0m3ms GET[38;5;59m┈[0m ┴ /
──‣ 00:19:19 GET[38;5;59m┈[0m ┬ /
200 [38;5;59m┈[0m[38;5;59m┈[0m[38;5;59m┈[0m[38;5;59m┈[0m17ms GET[38;5;59m┈[0m ┴ /
──‣ 00:19:39 GET[38;5;59m┈[0m ┬ /
200 [38;5;59m┈[0m[38;5;59m┈[0m[38;5;59m┈[0m[38;5;59m┈[0m20ms GET[38;5;59m┈[0m ┴ /
──‣ 22:20:21 GET[38;5;59m┈[0m ┬ /
                  [38;5;196m╎[0m [38;5;196mReferenceError: ctxt is not defined[0m
                  [38;5;196m╎[0m [38;5;196m    at exports.default (E:/my_project/node-koa-react/build/react.js:45:17)[0m
                  [38;5;196m╎[0m [38;5;196m    at _callee$ (E:/my_project/node-koa-react/build/server.js:22:14)[0m
                  [38;5;196m╎[0m [38;5;196m    at tryCatch (E:\my_project\node-koa-react\node_modules\.0.10.5@regenerator-runtime\runtime.js:65:40)[0m
                  [38;5;196m╎[0m [38;5;196m    at Generator.invoke [as _invoke] (E:\my_project\node-koa-react\node_modules\.0.10.5@regenerator-runtime\runtime.js:303:22)[0m
                  [38;5;196m╎[0m [38;5;196m    at Generator.prototype.(anonymous function) [as next] (E:\my_project\node-koa-react\node_modules\.0.10.5@regenerator-runtime\runtime.js:117:21)[0m
                  [38;5;196m╎[0m [38;5;196m    at step (E:\my_project\node-koa-react\build\server.js:27:191)[0m
                  [38;5;196m╎[0m [38;5;196m    at E:\my_project\node-koa-react\build\server.js:27:437[0m
                  [38;5;196m╎[0m [38;5;196m    at new Promise (<anonymous>)[0m
                  [38;5;196m╎[0m [38;5;196m    at E:\my_project\node-koa-react\build\server.js:27:99[0m
                  [38;5;196m╎[0m [38;5;196m    at E:/my_project/node-koa-react/build/server.js:20:1[0m
                  [38;5;196m╎[0m [38;5;196m    at dispatch (E:\my_project\node-koa-react\node_modules\.3.2.1@koa-compose\index.js:44:32)[0m
                  [38;5;196m╎[0m [38;5;196m    at next (E:\my_project\node-koa-react\node_modules\.3.2.1@koa-compose\index.js:45:18)[0m
                  [38;5;196m╎[0m [38;5;196m    at E:\my_project\node-koa-react\node_modules\.7.4.0@koa-router\lib\router.js:346:16[0m
                  [38;5;196m╎[0m [38;5;196m    at dispatch (E:\my_project\node-koa-react\node_modules\.3.2.1@koa-compose\index.js:44:32)[0m
                  [38;5;196m╎[0m [38;5;196m    at E:\my_project\node-koa-react\node_modules\.3.2.1@koa-compose\index.js:36:12[0m
                  [38;5;196m╎[0m [38;5;196m    at dispatch (E:\my_project\node-koa-react\node_modules\.7.4.0@koa-router\lib\router.js:351:31)[0m
[38;5;196mERR[0m [38;5;59m┈[0m[38;5;59m┈[0m[38;5;59m┈[0m[38;5;59m┈[0m29ms GET[38;5;59m┈[0m ┴ /
──‣ 22:20:25 GET[38;5;59m┈[0m ┬ /favicon.ico
[38;5;208m404[0m [38;5;59m┈[0m[38;5;59m┈[0m[38;5;59m┈[0m[38;5;59m┈[0m[38;5;59m┈[0m1ms GET[38;5;59m┈[0m ┴ /favicon.ico
──‣ 22:23:02 GET[38;5;59m┈[0m ┬ /
200 [38;5;59m┈[0m[38;5;59m┈[0m[38;5;59m┈[0m[38;5;196m1.40s[0m GET[38;5;59m┈[0m [38;5;196m┴[0m /
──‣ 22:29:48 GET[38;5;59m┈[0m ┬ /user
200 [38;5;59m┈[0m[38;5;59m┈[0m[38;5;59m┈[0m[38;5;208m256ms[0m GET[38;5;59m┈[0m [38;5;208m┴[0m /user
──‣ 22:29:52 GET[38;5;59m┈[0m ┬ /user
200 [38;5;59m┈[0m[38;5;59m┈[0m[38;5;59m┈[0m[38;5;59m┈[0m20ms GET[38;5;59m┈[0m ┴ /user
──‣ 22:30:03 GET[38;5;59m┈[0m ┬ /about
200 [38;5;59m┈[0m[38;5;59m┈[0m[38;5;59m┈[0m[38;5;59m┈[0m18ms GET[38;5;59m┈[0m ┴ /about
